Using pre-set license
Built from '6000.0/staging' branch; Version is '6000.0.55f1 (c5f59906196d) revision 12973465'; Using compiler version '193933523'; Build Type 'Release'
OS: 'Windows 11  (10.0.26100) 64bit Professional' Language: 'es' Physical Memory: 15836 MB
BatchMode: 1, IsHumanControllingUs: 0, StartBugReporterOnCrash: 0, Is64bit: 1
Date: 2025-10-23T21:23:00Z

COMMAND LINE ARGUMENTS:
C:\Program Files\Unity\Hub\Editor\6000.0.55f1\Editor\Unity.exe
-adb2
-batchMode
-noUpm
-name
AssetImportWorker8
-projectPath
C:/Users/MixtaPortatil/Museo vivo
-logFile
Logs/AssetImportWorker8.log
-srvPort
59515
-job-worker-count
10
-background-job-worker-count
8
-gc-helper-count
1
Successfully changed project path to: C:/Users/MixtaPortatil/Museo vivo
C:/Users/MixtaPortatil/Museo vivo
[UnityMemory] Configuration Parameters - Can be set up in boot.config
    "memorysetup-bucket-allocator-granularity=16"
    "memorysetup-bucket-allocator-bucket-count=8"
    "memorysetup-bucket-allocator-block-size=33554432"
    "memorysetup-bucket-allocator-block-count=8"
    "memorysetup-main-allocator-block-size=16777216"
    "memorysetup-thread-allocator-block-size=16777216"
    "memorysetup-gfx-main-allocator-block-size=16777216"
    "memorysetup-gfx-thread-allocator-block-size=16777216"
    "memorysetup-cache-allocator-block-size=4194304"
    "memorysetup-typetree-allocator-block-size=2097152"
    "memorysetup-profiler-bucket-allocator-granularity=16"
    "memorysetup-profiler-bucket-allocator-bucket-count=8"
    "memorysetup-profiler-bucket-allocator-block-size=33554432"
    "memorysetup-profiler-bucket-allocator-block-count=8"
    "memorysetup-profiler-allocator-block-size=16777216"
    "memorysetup-profiler-editor-allocator-block-size=1048576"
    "memorysetup-temp-allocator-size-main=16777216"
    "memorysetup-job-temp-allocator-block-size=2097152"
    "memorysetup-job-temp-allocator-block-size-background=1048576"
    "memorysetup-job-temp-allocator-reduction-small-platforms=262144"
    "memorysetup-allocator-temp-initial-block-size-main=262144"
    "memorysetup-allocator-temp-initial-block-size-worker=262144"
    "memorysetup-temp-allocator-size-background-worker=32768"
    "memorysetup-temp-allocator-size-job-worker=262144"
    "memorysetup-temp-allocator-size-preload-manager=33554432"
    "memorysetup-temp-allocator-size-nav-mesh-worker=65536"
    "memorysetup-temp-allocator-size-audio-worker=65536"
    "memorysetup-temp-allocator-size-cloud-worker=32768"
    "memorysetup-temp-allocator-size-gi-baking-worker=262144"
    "memorysetup-temp-allocator-size-gi-baking-worker=262144"
    "memorysetup-temp-allocator-size-gi-baking-worker=262144"
    "memorysetup-temp-allocator-size-gi-baking-worker=262144"
    "memorysetup-temp-allocator-size-gi-baking-worker=262144"
    "memorysetup-temp-allocator-size-gfx=262144"
Player connection [9696]  Target information:

Player connection [9696]  * "[IP] 172.26.64.1 [Port] 0 [Flags] 2 [Guid] 481404941 [EditorId] 481404941 [Version] 1048832 [Id] WindowsEditor(7,DESKTOP-014K9A5) [Debug] 1 [PackageName] WindowsEditor [ProjectName] Editor" 

Player connection [9696]  * "[IP] 10.162.248.103 [Port] 0 [Flags] 2 [Guid] 481404941 [EditorId] 481404941 [Version] 1048832 [Id] WindowsEditor(7,DESKTOP-014K9A5) [Debug] 1 [PackageName] WindowsEditor [ProjectName] Editor" 

Player connection [9696] Host joined multi-casting on [225.0.0.222:54997]...
Player connection [9696] Host joined alternative multi-casting on [225.0.0.222:34997]...
JobSystem: Creating JobQueue using job-worker-count value 10
Input System module state changed to: Initialized.
[Physics::Module] Initialized fallback backend.
[Physics::Module] Id: 0xdecafbad
Library Redirect Path: Library/
[Physics::Module] Selected backend.
[Physics::Module] Name: PhysX
[Physics::Module] Id: 0xf2b8ea05
[Physics::Module] SDK Version: 4.1.2
[Physics::Module] Integration Version: 1.0.0
[Physics::Module] Threading Mode: Multi-Threaded
Refreshing native plugins compatible for Editor in 2.83 ms, found 6 plugins.
Preloading 1 native plugins for Editor in 0.55 ms.
Initialize engine version: 6000.0.55f1 (c5f59906196d)
[Subsystems] Discovering subsystems at path C:/Program Files/Unity/Hub/Editor/6000.0.55f1/Editor/Data/Resources/UnitySubsystems
[Subsystems] Discovering subsystems at path C:/Users/MixtaPortatil/Museo vivo/Assets
GfxDevice: creating device client; kGfxThreadingModeNonThreaded
Direct3D:
    Version:  Direct3D 11.0 [level 11.1]
    Renderer: NVIDIA RTX 500 Ada Generation Laptop GPU (ID=0x28ba)
    Vendor:   NVIDIA
    VRAM:     3893 MB
    Driver:   32.0.15.7344
Initialize mono
Mono path[0] = 'C:/Program Files/Unity/Hub/Editor/6000.0.55f1/Editor/Data/Managed'
Mono path[1] = 'C:/Program Files/Unity/Hub/Editor/6000.0.55f1/Editor/Data/MonoBleedingEdge/lib/mono/unityjit-win32'
Mono config path = 'C:/Program Files/Unity/Hub/Editor/6000.0.55f1/Editor/Data/MonoBleedingEdge/etc'
Using monoOptions --debugger-agent=transport=dt_socket,embedding=1,server=y,suspend=n,address=127.0.0.1:56512
Begin MonoManager ReloadAssembly
Registering precompiled unity dll's ...
Register platform support module: C:/Program Files/Unity/Hub/Editor/6000.0.55f1/Editor/Data/PlaybackEngines/WindowsStandaloneSupport/UnityEditor.WindowsStandalone.Extensions.dll
Register platform support module: C:/Program Files/Unity/Hub/Editor/6000.0.55f1/Editor/Data/PlaybackEngines/AndroidPlayer/UnityEditor.Android.Extensions.dll
Registered in 0.002592 seconds.
- Loaded All Assemblies, in  0.344 seconds
Native extension for Android target not found
Android Extension - Scanning For ADB Devices 205 ms
Native extension for WindowsStandalone target not found
Mono: successfully reloaded assembly
- Finished resetting the current domain, in  0.499 seconds
Domain Reload Profiling: 842ms
	BeginReloadAssembly (137ms)
		ExecutionOrderSort (0ms)
		DisableScriptedObjects (0ms)
		BackupInstance (0ms)
		ReleaseScriptingObjects (0ms)
		CreateAndSetChildDomain (1ms)
	RebuildCommonClasses (33ms)
	RebuildNativeTypeToScriptingClass (9ms)
	initialDomainReloadingComplete (40ms)
	LoadAllAssembliesAndSetupDomain (123ms)
		LoadAssemblies (135ms)
		RebuildTransferFunctionScriptingTraits (0ms)
		AnalyzeDomain (120ms)
			TypeCache.Refresh (119ms)
				TypeCache.ScanAssembly (107ms)
			BuildScriptInfoCaches (0ms)
			ResolveRequiredComponents (0ms)
	FinalizeReload (500ms)
		ReleaseScriptCaches (0ms)
		RebuildScriptCaches (0ms)
		SetupLoadedEditorAssemblies (461ms)
			LogAssemblyErrors (0ms)
			InitializePlatformSupportModulesInManaged (277ms)
			SetLoadedEditorAssemblies (3ms)
			BeforeProcessingInitializeOnLoad (44ms)
			ProcessInitializeOnLoadAttributes (94ms)
			ProcessInitializeOnLoadMethodAttributes (44ms)
			AfterProcessingInitializeOnLoad (0ms)
			EditorAssembliesLoaded (0ms)
		ExecutionOrderSort2 (0ms)
		AwakeInstancesAfterBackupRestoration (0ms)
========================================================================
Worker process is ready to serve import requests
Import Worker Mode flag is 0x00
Begin MonoManager ReloadAssembly
Symbol file LoadedFromMemory is not a mono symbol file
- Loaded All Assemblies, in  0.717 seconds
Refreshing native plugins compatible for Editor in 1.94 ms, found 6 plugins.
Native extension for Android target not found
Native extension for WindowsStandalone target not found
System.Reflection.TargetInvocationException: Exception has been thrown by the target of an invocation. ---> System.NullReferenceException: Object reference not set to an instance of an object
  at Unity.XR.Oculus.OculusLoader.AssetPathToAbsolutePath (System.String assetPath) [0x0003d] in .\Library\PackageCache\com.unity.xr.oculus@44578ba4bd45\Runtime\OculusLoader.cs:312 
  at Unity.XR.Oculus.OculusLoader.EditorLoadOVRPlugin () [0x0008c] in .\Library\PackageCache\com.unity.xr.oculus@44578ba4bd45\Runtime\OculusLoader.cs:297 
  at (wrapper managed-to-native) System.Reflection.RuntimeMethodInfo.InternalInvoke(System.Reflection.RuntimeMethodInfo,object,object[],System.Exception&)
  at System.Reflection.RuntimeMethodInfo.Invoke (System.Object obj, System.Reflection.BindingFlags invokeAttr, System.Reflection.Binder binder, System.Object[] parameters, System.Globalization.CultureInfo culture) [0x0006a] in <79ca87e32bc54632a9d42d8f2805ee4c>:0 
   --- End of inner exception stack trace ---
  at System.Reflection.RuntimeMethodInfo.Invoke (System.Object obj, System.Reflection.BindingFlags invokeAttr, System.Reflection.Binder binder, System.Object[] parameters, System.Globalization.CultureInfo culture) [0x00083] in <79ca87e32bc54632a9d42d8f2805ee4c>:0 
  at System.Reflection.MethodBase.Invoke (System.Object obj, System.Object[] parameters) [0x00000] in <79ca87e32bc54632a9d42d8f2805ee4c>:0 
  at UnityEditor.EditorAssemblies.ProcessInitializeOnLoadMethodAttributes () [0x00056] in <2c2557cc28ef491cb087583268e49902>:0 
UnityEngine.Debug:ExtractStackTraceNoAlloc (byte*,int,string)
UnityEngine.StackTraceUtility:ExtractStackTrace ()
UnityEngine.DebugLogHandler:Internal_Log (UnityEngine.LogType,UnityEngine.LogOption,string,UnityEngine.Object)
UnityEngine.DebugLogHandler:LogFormat (UnityEngine.LogType,UnityEngine.Object,string,object[])
UnityEngine.Logger:Log (UnityEngine.LogType,object)
UnityEngine.Debug:LogError (object)
UnityEditor.EditorAssemblies:ProcessInitializeOnLoadMethodAttributes ()

Mono: successfully reloaded assembly
Package Manager log level set to [2]
[Package Manager] Failed to launch server process. Reason: Unity was launched with the -noUpm command-line argument
[Package Manager] Unable to send message (not connected to server process).
[Package Manager] Cannot connect to Unity Package Manager local server
[Package Manager] Failed to launch server process. Reason: Unity was launched with the -noUpm command-line argument
[Package Manager] Unable to send message (not connected to server process).
[Package Manager] Cannot connect to Unity Package Manager local server
- Finished resetting the current domain, in  0.802 seconds
Domain Reload Profiling: 1516ms
	BeginReloadAssembly (155ms)
		ExecutionOrderSort (0ms)
		DisableScriptedObjects (5ms)
		BackupInstance (0ms)
		ReleaseScriptingObjects (0ms)
		CreateAndSetChildDomain (26ms)
	RebuildCommonClasses (30ms)
	RebuildNativeTypeToScriptingClass (10ms)
	initialDomainReloadingComplete (36ms)
	LoadAllAssembliesAndSetupDomain (483ms)
		LoadAssemblies (331ms)
		RebuildTransferFunctionScriptingTraits (0ms)
		AnalyzeDomain (240ms)
			TypeCache.Refresh (172ms)
				TypeCache.ScanAssembly (155ms)
			BuildScriptInfoCaches (50ms)
			ResolveRequiredComponents (14ms)
	FinalizeReload (803ms)
		ReleaseScriptCaches (0ms)
		RebuildScriptCaches (0ms)
		SetupLoadedEditorAssemblies (598ms)
			LogAssemblyErrors (0ms)
			InitializePlatformSupportModulesInManaged (11ms)
			SetLoadedEditorAssemblies (5ms)
			BeforeProcessingInitializeOnLoad (120ms)
			ProcessInitializeOnLoadAttributes (358ms)
			ProcessInitializeOnLoadMethodAttributes (100ms)
			AfterProcessingInitializeOnLoad (4ms)
			EditorAssembliesLoaded (0ms)
		ExecutionOrderSort2 (0ms)
		AwakeInstancesAfterBackupRestoration (6ms)
Launched and connected shader compiler UnityShaderCompiler.exe after 0.02 seconds
Refreshing native plugins compatible for Editor in 5.76 ms, found 6 plugins.
Preloading 1 native plugins for Editor in 0.18 ms.
Unloading 27 Unused Serialized files (Serialized files now loaded: 0)
Unloading 6968 unused Assets / (7.5 MB). Loaded Objects now: 7646.
Memory consumption went from 141.8 MB to 134.3 MB.
Total: 20.627100 ms (FindLiveObjects: 1.429900 ms CreateObjectMapping: 1.567000 ms MarkObjects: 9.511100 ms  DeleteObjects: 8.116500 ms)

========================================================================
Received Import Request.
  Time since last request: 662275.470131 seconds.
  path: Assets/Free LowPoly SciFi Pack/Prefabs/Rooms/Free_RoomA.prefab
  artifactKey: Guid(1e4f0d9e7dbf221419b0bd0e1286aa16) Importer(815301076,1909f56bfc062723c751e8b465ee728b)
Start importing Assets/Free LowPoly SciFi Pack/Prefabs/Rooms/Free_RoomA.prefab using Guid(1e4f0d9e7dbf221419b0bd0e1286aa16) Importer(815301076,1909f56bfc062723c751e8b465ee728b) (PreviewImporter) -> (artifact id: '6ddcc1f26dfbef607b44a06e612dda6e') in 0.5068524 seconds
Number of updated asset objects reloaded before import = 0Number of asset objects unloaded after import = 461

========================================================================
Received Import Request.
  Time since last request: 43.068933 seconds.
  path: Packages/com.blockadelabs.sdk/BlockadeLabsSDK.Runtime.asmdef
  artifactKey: Guid(88fee50dfbdd74f41bb80686af654b7f) Importer(815301076,1909f56bfc062723c751e8b465ee728b)
Start importing Packages/com.blockadelabs.sdk/BlockadeLabsSDK.Runtime.asmdef using Guid(88fee50dfbdd74f41bb80686af654b7f) Importer(815301076,1909f56bfc062723c751e8b465ee728b) (PreviewImporter) -> (artifact id: '8d82f4c6941f34300b5af383657bbe89') in 0.0007975 seconds
Number of updated asset objects reloaded before import = 0Number of asset objects unloaded after import = 0

========================================================================
Received Import Request.
  Time since last request: 0.000031 seconds.
  path: Packages/com.blockadelabs.sdk/Settings.asset
  artifactKey: Guid(bb545e472ea14b640936128e690be415) Importer(815301076,1909f56bfc062723c751e8b465ee728b)
Start importing Packages/com.blockadelabs.sdk/Settings.asset using Guid(bb545e472ea14b640936128e690be415) Importer(815301076,1909f56bfc062723c751e8b465ee728b) (PreviewImporter) -> (artifact id: '55fd1427118a0657d76189ecd27030ff') in 0.0012641 seconds
Number of updated asset objects reloaded before import = 0Number of asset objects unloaded after import = 1

========================================================================
Received Import Request.
  Time since last request: 1.869722 seconds.
  path: Packages/com.blockadelabs.sdk/Editor/BlockadeLabsSDK.Editor.asmdef
  artifactKey: Guid(f4de92e7edd02394bb08ab65b3c05486) Importer(815301076,1909f56bfc062723c751e8b465ee728b)
Start importing Packages/com.blockadelabs.sdk/Editor/BlockadeLabsSDK.Editor.asmdef using Guid(f4de92e7edd02394bb08ab65b3c05486) Importer(815301076,1909f56bfc062723c751e8b465ee728b) (PreviewImporter) -> (artifact id: '027cab3455ed7b6c75c0ed75a8f65351') in 0.0007053 seconds
Number of updated asset objects reloaded before import = 0Number of asset objects unloaded after import = 0

========================================================================
Received Import Request.
  Time since last request: 3.981681 seconds.
  path: Packages/com.blockadelabs.sdk/Fonts/Inter-Bold.ttf
  artifactKey: Guid(db1b178474502ad41b7c13aa6ac3d6df) Importer(815301076,1909f56bfc062723c751e8b465ee728b)
Start importing Packages/com.blockadelabs.sdk/Fonts/Inter-Bold.ttf using Guid(db1b178474502ad41b7c13aa6ac3d6df) Importer(815301076,1909f56bfc062723c751e8b465ee728b) (PreviewImporter) -> (artifact id: 'a5054a1c020b50889077e6f0535be64c') in 0.0833803 seconds
Number of updated asset objects reloaded before import = 0Number of asset objects unloaded after import = 4

========================================================================
Received Import Request.
  Time since last request: 0.000045 seconds.
  path: Packages/com.blockadelabs.sdk/Fonts/Inter-Regular.ttf
  artifactKey: Guid(1b5ca89b842763248980ff468bb292ea) Importer(815301076,1909f56bfc062723c751e8b465ee728b)
Start importing Packages/com.blockadelabs.sdk/Fonts/Inter-Regular.ttf using Guid(1b5ca89b842763248980ff468bb292ea) Importer(815301076,1909f56bfc062723c751e8b465ee728b) (PreviewImporter) -> (artifact id: '489034dca6854b3d3136c58c5ca39c94') in 0.0129954 seconds
Number of updated asset objects reloaded before import = 0Number of asset objects unloaded after import = 4

========================================================================
Received Import Request.
  Time since last request: 0.000033 seconds.
  path: Packages/com.blockadelabs.sdk/Fonts/Inter-Medium SDF.asset
  artifactKey: Guid(8ef9463bd1cc3c64f9adf648c6811a51) Importer(815301076,1909f56bfc062723c751e8b465ee728b)
Start importing Packages/com.blockadelabs.sdk/Fonts/Inter-Medium SDF.asset using Guid(8ef9463bd1cc3c64f9adf648c6811a51) Importer(815301076,1909f56bfc062723c751e8b465ee728b) (PreviewImporter) -> (artifact id: '4adaf19b072e08e8f7421b97cbd1d3e7') in 0.0452882 seconds
Number of updated asset objects reloaded before import = 0Number of asset objects unloaded after import = 4

========================================================================
Received Import Request.
  Time since last request: 0.000038 seconds.
  path: Packages/com.blockadelabs.sdk/Fonts/Inter-Medium.ttf
  artifactKey: Guid(08eec90e1e3aaaf40a24d647c53f05cb) Importer(815301076,1909f56bfc062723c751e8b465ee728b)
Start importing Packages/com.blockadelabs.sdk/Fonts/Inter-Medium.ttf using Guid(08eec90e1e3aaaf40a24d647c53f05cb) Importer(815301076,1909f56bfc062723c751e8b465ee728b) (PreviewImporter) -> (artifact id: '7ae49e453faf5756fdead274adcaebae') in 0.0149388 seconds
Number of updated asset objects reloaded before import = 0Number of asset objects unloaded after import = 4

========================================================================
Received Import Request.
  Time since last request: 0.000048 seconds.
  path: Packages/com.blockadelabs.sdk/Fonts/Inter-Regular SDF.asset
  artifactKey: Guid(b3bd6c68239f4e743aaae6ab0ff401a5) Importer(815301076,1909f56bfc062723c751e8b465ee728b)
Start importing Packages/com.blockadelabs.sdk/Fonts/Inter-Regular SDF.asset using Guid(b3bd6c68239f4e743aaae6ab0ff401a5) Importer(815301076,1909f56bfc062723c751e8b465ee728b) (PreviewImporter) -> (artifact id: 'c6204bc1a3560a73e5da847b96d8b468') in 0.0551586 seconds
Number of updated asset objects reloaded before import = 0Number of asset objects unloaded after import = 10

========================================================================
Received Import Request.
  Time since last request: 0.110252 seconds.
  path: Packages/com.blockadelabs.sdk/Materials/Metallic.mat
  artifactKey: Guid(d8022719f59796e488cf3a186cb6a708) Importer(815301076,1909f56bfc062723c751e8b465ee728b)
Start importing Packages/com.blockadelabs.sdk/Materials/Metallic.mat using Guid(d8022719f59796e488cf3a186cb6a708) Importer(815301076,1909f56bfc062723c751e8b465ee728b) (PreviewImporter) -> (artifact id: '1592b0797c67db693b3265ca68837f1f') in 0.0458779 seconds
Number of updated asset objects reloaded before import = 0Number of asset objects unloaded after import = 1

========================================================================
Received Import Request.
  Time since last request: 0.000043 seconds.
  path: Packages/com.blockadelabs.sdk/Materials/Smooth.mat
  artifactKey: Guid(7bd141f82e08a364297a57eff3c8cd59) Importer(815301076,1909f56bfc062723c751e8b465ee728b)
Start importing Packages/com.blockadelabs.sdk/Materials/Smooth.mat using Guid(7bd141f82e08a364297a57eff3c8cd59) Importer(815301076,1909f56bfc062723c751e8b465ee728b) (PreviewImporter) -> (artifact id: '7c4ca956788e859bcbec58f43624b727') in 0.0153203 seconds
Number of updated asset objects reloaded before import = 0Number of asset objects unloaded after import = 1

========================================================================
Received Import Request.
  Time since last request: 0.000039 seconds.
  path: Packages/com.blockadelabs.sdk/Materials/Metallic HDRP.mat
  artifactKey: Guid(a33a9f212df0efa49861b934d17e160f) Importer(815301076,1909f56bfc062723c751e8b465ee728b)
Start importing Packages/com.blockadelabs.sdk/Materials/Metallic HDRP.mat using Guid(a33a9f212df0efa49861b934d17e160f) Importer(815301076,1909f56bfc062723c751e8b465ee728b) (PreviewImporter) -> (artifact id: '2194c3f91420a00b6c4ee4c570107dfe') in 0.0140911 seconds
Number of updated asset objects reloaded before import = 0Number of asset objects unloaded after import = 1

========================================================================
Received Import Request.
  Time since last request: 0.000099 seconds.
  path: Packages/com.blockadelabs.sdk/Materials/Smooth URP.mat
  artifactKey: Guid(dc52ce38d8159cf40b10e3fe4ff52850) Importer(815301076,1909f56bfc062723c751e8b465ee728b)
Start importing Packages/com.blockadelabs.sdk/Materials/Smooth URP.mat using Guid(dc52ce38d8159cf40b10e3fe4ff52850) Importer(815301076,1909f56bfc062723c751e8b465ee728b) (PreviewImporter) -> (artifact id: 'adf8c0df5e6ac3f6f639ba938f90dbaa') in 1.0874488 seconds
Number of updated asset objects reloaded before import = 0Number of asset objects unloaded after import = 1

========================================================================
Received Import Request.
  Time since last request: 0.000029 seconds.
  path: Packages/com.blockadelabs.sdk/Materials/Reflective.mat
  artifactKey: Guid(1f7da3afa71f79746b155cce8adc3814) Importer(815301076,1909f56bfc062723c751e8b465ee728b)
Start importing Packages/com.blockadelabs.sdk/Materials/Reflective.mat using Guid(1f7da3afa71f79746b155cce8adc3814) Importer(815301076,1909f56bfc062723c751e8b465ee728b) (PreviewImporter) -> (artifact id: 'a27d76e95e55f53ffb1e1b67b72c6367') in 0.0122495 seconds
Number of updated asset objects reloaded before import = 0Number of asset objects unloaded after import = 1

========================================================================
Received Import Request.
  Time since last request: 0.000042 seconds.
  path: Packages/com.blockadelabs.sdk/Materials/Skybox Depth Material.mat
  artifactKey: Guid(503161aa846cabf4e90e8b5fdd5df395) Importer(815301076,1909f56bfc062723c751e8b465ee728b)
Start importing Packages/com.blockadelabs.sdk/Materials/Skybox Depth Material.mat using Guid(503161aa846cabf4e90e8b5fdd5df395) Importer(815301076,1909f56bfc062723c751e8b465ee728b) (PreviewImporter) -> (artifact id: 'bd973b1e0379d48274213b10a3a03a87') in 0.7700943 seconds
Number of updated asset objects reloaded before import = 0Number of asset objects unloaded after import = 2

========================================================================
Received Import Request.
  Time since last request: 15.010173 seconds.
  path: Packages/com.blockadelabs.sdk/Prefabs/Style Item.prefab
  artifactKey: Guid(170989fda57a8884ca194c78751ca054) Importer(815301076,1909f56bfc062723c751e8b465ee728b)
Start importing Packages/com.blockadelabs.sdk/Prefabs/Style Item.prefab using Guid(170989fda57a8884ca194c78751ca054) Importer(815301076,1909f56bfc062723c751e8b465ee728b) (PreviewImporter) -> (artifact id: 'fea90f2739921c53b8926ad7e6a39f53') in 0.0373625 seconds
Number of updated asset objects reloaded before import = 0Number of asset objects unloaded after import = 60

========================================================================
Received Import Request.
  Time since last request: 12.561110 seconds.
  path: Packages/com.blockadelabs.sdk/Sprites/arrow.png
  artifactKey: Guid(905532a46f737f24383cd9124c822070) Importer(815301076,1909f56bfc062723c751e8b465ee728b)
Start importing Packages/com.blockadelabs.sdk/Sprites/arrow.png using Guid(905532a46f737f24383cd9124c822070) Importer(815301076,1909f56bfc062723c751e8b465ee728b) (PreviewImporter) -> (artifact id: '24b504e80170f2052eb5c20a2bbbc117') in 0.0680679 seconds
Number of updated asset objects reloaded before import = 0Number of asset objects unloaded after import = 3

========================================================================
Received Import Request.
  Time since last request: 0.000023 seconds.
  path: Packages/com.blockadelabs.sdk/Sprites/download.png
  artifactKey: Guid(f6668dec5219e184680f5a6dadc11233) Importer(815301076,1909f56bfc062723c751e8b465ee728b)
Start importing Packages/com.blockadelabs.sdk/Sprites/download.png using Guid(f6668dec5219e184680f5a6dadc11233) Importer(815301076,1909f56bfc062723c751e8b465ee728b) (PreviewImporter) -> (artifact id: '44c7a048beff5367249963b27227c80e') in 0.1104302 seconds
Number of updated asset objects reloaded before import = 0Number of asset objects unloaded after import = 3

========================================================================
Received Import Request.
  Time since last request: 0.000032 seconds.
  path: Packages/com.blockadelabs.sdk/Sprites/new.png
  artifactKey: Guid(26f4c8260b9eb2c4c9d0461e1436aa8b) Importer(815301076,1909f56bfc062723c751e8b465ee728b)
Start importing Packages/com.blockadelabs.sdk/Sprites/new.png using Guid(26f4c8260b9eb2c4c9d0461e1436aa8b) Importer(815301076,1909f56bfc062723c751e8b465ee728b) (PreviewImporter) -> (artifact id: '67abb0bbe8fde9bfdfeb0a003dce05a4') in 0.0242707 seconds
Number of updated asset objects reloaded before import = 0Number of asset objects unloaded after import = 3

========================================================================
Received Import Request.
  Time since last request: 0.000021 seconds.
  path: Packages/com.blockadelabs.sdk/Sprites/close.png
  artifactKey: Guid(3b11922689f3a9141af69029d5c4c0c4) Importer(815301076,1909f56bfc062723c751e8b465ee728b)
Start importing Packages/com.blockadelabs.sdk/Sprites/close.png using Guid(3b11922689f3a9141af69029d5c4c0c4) Importer(815301076,1909f56bfc062723c751e8b465ee728b) (PreviewImporter) -> (artifact id: 'b708617bd16d335f21bfb4c612c9af5e') in 0.0208545 seconds
Number of updated asset objects reloaded before import = 0Number of asset objects unloaded after import = 3

========================================================================
Received Import Request.
  Time since last request: 0.000022 seconds.
  path: Packages/com.blockadelabs.sdk/Sprites/PlaceholderPreview.png
  artifactKey: Guid(c14d465a727b6fe4db64d1c9edbd7863) Importer(815301076,1909f56bfc062723c751e8b465ee728b)
Start importing Packages/com.blockadelabs.sdk/Sprites/PlaceholderPreview.png using Guid(c14d465a727b6fe4db64d1c9edbd7863) Importer(815301076,1909f56bfc062723c751e8b465ee728b) (PreviewImporter) -> (artifact id: '70793e362d86ba0c40f18e4ad0ca0f51') in 0.0211048 seconds
Number of updated asset objects reloaded before import = 0Number of asset objects unloaded after import = 3

========================================================================
Received Import Request.
  Time since last request: 0.000020 seconds.
  path: Packages/com.blockadelabs.sdk/Sprites/create-icon.png
  artifactKey: Guid(5372f64a0b603164c88baa737f75012f) Importer(815301076,1909f56bfc062723c751e8b465ee728b)
Start importing Packages/com.blockadelabs.sdk/Sprites/create-icon.png using Guid(5372f64a0b603164c88baa737f75012f) Importer(815301076,1909f56bfc062723c751e8b465ee728b) (PreviewImporter) -> (artifact id: '210ff172b207c573f4635deca7658adb') in 0.0289853 seconds
Number of updated asset objects reloaded before import = 0Number of asset objects unloaded after import = 3

========================================================================
Received Import Request.
  Time since last request: 0.000027 seconds.
  path: Packages/com.blockadelabs.sdk/Sprites/elipsis.png
  artifactKey: Guid(cd21a6b69119bf3419fdfb6d9eff1f9e) Importer(815301076,1909f56bfc062723c751e8b465ee728b)
Start importing Packages/com.blockadelabs.sdk/Sprites/elipsis.png using Guid(cd21a6b69119bf3419fdfb6d9eff1f9e) Importer(815301076,1909f56bfc062723c751e8b465ee728b) (PreviewImporter) -> (artifact id: '761fd4bdf163d4290dd48c1a8a0e6024') in 0.0264041 seconds
Number of updated asset objects reloaded before import = 0Number of asset objects unloaded after import = 3

========================================================================
Received Import Request.
  Time since last request: 0.000033 seconds.
  path: Packages/com.blockadelabs.sdk/Sprites/edit-icon.png
  artifactKey: Guid(4b3b9b34924acdf498521b661005d203) Importer(815301076,1909f56bfc062723c751e8b465ee728b)
Start importing Packages/com.blockadelabs.sdk/Sprites/edit-icon.png using Guid(4b3b9b34924acdf498521b661005d203) Importer(815301076,1909f56bfc062723c751e8b465ee728b) (PreviewImporter) -> (artifact id: '9cecde3e3a1fcdd32ed919f2189b1e0e') in 0.0270805 seconds
Number of updated asset objects reloaded before import = 0Number of asset objects unloaded after import = 3

Editor requested this worker to shutdown with reason: Scaling down because of idle timeout
AssetImportWorker is now disconnected from the server
Process exiting
Exiting without the bug reporter. Application will terminate with return code 0